<?xml version="1.0" encoding="UTF-8"?>
<!-- Generated by org.testng.reporters.JUnitReportReporter -->
<testsuite hostname="User-PC" failures="0" tests="1" name="Reports.log4j_script" time="0.038" errors="0" timestamp="2023-06-28T09:21:35 IST" skipped="0">
  <testcase classname="Reports.log4j_script" name="test2" time="0.038"/>
</testsuite> <!-- Reports.log4j_script -->
