<?xml version="1.0" encoding="UTF-8"?>
<!-- Generated by org.testng.reporters.JUnitReportReporter -->
<testsuite hostname="User-PC" failures="0" tests="1" name="Runner_script.property_file_script" time="0.017" errors="0" timestamp="2023-06-23T09:02:00 IST" skipped="0">
  <testcase classname="Runner_script.property_file_script" name="test" time="0.017"/>
</testsuite> <!-- Runner_script.property_file_script -->
