<?xml version="1.0" encoding="UTF-8"?>
<!-- Generated by org.testng.reporters.JUnitReportReporter -->
<testsuite hostname="User-PC" failures="0" tests="1" name="Reports.extent_report" time="0.590" errors="0" timestamp="2023-06-27T10:41:46 IST" skipped="0">
  <testcase classname="Reports.extent_report" name="test1" time="0.590"/>
</testsuite> <!-- Reports.extent_report -->
